
*** Running vivado
    with args -log half_adder_t2.vds -m64 -product Vivado -mode batch -messageDb vivado.pb -notrace -source half_adder_t2.tcl


****** Vivado v2019.1 (64-bit)
  **** SW Build 2552052 on Fri May 24 14:47:09 MDT 2019
  **** IP Build 2548770 on Fri May 24 18:01:18 MDT 2019
    ** Copyright 1986-2019 Xilinx, Inc. All Rights Reserved.

source half_adder_t2.tcl -notrace
Command: synth_design -top half_adder_t2 -part xc7a100tcsg324-1
Starting synth_design
Attempting to get a license for feature 'Synthesis' and/or device 'xc7a100t'
INFO: [Common 17-349] Got license for feature 'Synthesis' and/or device 'xc7a100t'
INFO: Launching helper process for spawning children vivado processes
INFO: Helper process launched with PID 95035 
---------------------------------------------------------------------------------
Starting Synthesize : Time (s): cpu = 00:00:01 ; elapsed = 00:00:02 . Memory (MB): peak = 1573.812 ; gain = 153.746 ; free physical = 388 ; free virtual = 31356
---------------------------------------------------------------------------------
INFO: [Synth 8-6157] synthesizing module 'half_adder_t2' [/home/it/Chip_Design/CommonCore/DigitalDesign/Labs/Lab1/lab1_task3_project/lab1_task3_project.srcs/sources_1/new/half_adder_t2.sv:23]
INFO: [Synth 8-6155] done synthesizing module 'half_adder_t2' (1#1) [/home/it/Chip_Design/CommonCore/DigitalDesign/Labs/Lab1/lab1_task3_project/lab1_task3_project.srcs/sources_1/new/half_adder_t2.sv:23]
---------------------------------------------------------------------------------
Finished Synthesize : Time (s): cpu = 00:00:02 ; elapsed = 00:00:02 . Memory (MB): peak = 1626.562 ; gain = 206.496 ; free physical = 483 ; free virtual = 31451
---------------------------------------------------------------------------------
---------------------------------------------------------------------------------
Finished Constraint Validation : Time (s): cpu = 00:00:02 ; elapsed = 00:00:02 . Memory (MB): peak = 1632.500 ; gain = 212.434 ; free physical = 483 ; free virtual = 31452
---------------------------------------------------------------------------------
---------------------------------------------------------------------------------
Start Loading Part and Timing Information
---------------------------------------------------------------------------------
Loading part: xc7a100tcsg324-1
INFO: [Device 21-403] Loading part xc7a100tcsg324-1
---------------------------------------------------------------------------------
Finished Loading Part and Timing Information : Time (s): cpu = 00:00:02 ; elapsed = 00:00:02 . Memory (MB): peak = 1640.504 ; gain = 220.438 ; free physical = 478 ; free virtual = 31446
---------------------------------------------------------------------------------
---------------------------------------------------------------------------------
Finished RTL Optimization Phase 2 : Time (s): cpu = 00:00:02 ; elapsed = 00:00:02 . Memory (MB): peak = 1649.410 ; gain = 229.344 ; free physical = 469 ; free virtual = 31438
---------------------------------------------------------------------------------

Report RTL Partitions: 
+-+--------------+------------+----------+
| |RTL Partition |Replication |Instances |
+-+--------------+------------+----------+
+-+--------------+------------+----------+
No constraint files found.
---------------------------------------------------------------------------------
Start RTL Component Statistics 
---------------------------------------------------------------------------------
Detailed RTL Component Info : 
+---XORs : 
	   2 Input      1 Bit         XORs := 1     
---------------------------------------------------------------------------------
Finished RTL Component Statistics 
---------------------------------------------------------------------------------
---------------------------------------------------------------------------------
Start RTL Hierarchical Component Statistics 
---------------------------------------------------------------------------------
Hierarchical RTL Component report 
Module half_adder_t2 
Detailed RTL Component Info : 
+---XORs : 
	   2 Input      1 Bit         XORs := 1     
---------------------------------------------------------------------------------
Finished RTL Hierarchical Component Statistics
---------------------------------------------------------------------------------
---------------------------------------------------------------------------------
Start Part Resource Summary
---------------------------------------------------------------------------------
Part Resources:
DSPs: 240 (col length:80)
BRAMs: 270 (col length: RAMB18 80 RAMB36 40)
---------------------------------------------------------------------------------
Finished Part Resource Summary
---------------------------------------------------------------------------------
No constraint files found.
---------------------------------------------------------------------------------
Start Cross Boundary and Area Optimization
---------------------------------------------------------------------------------
Warning: Parallel synthesis criteria is not met 
---------------------------------------------------------------------------------
Finished Cross Boundary and Area Optimization : Time (s): cpu = 00:00:03 ; elapsed = 00:00:04 . Memory (MB): peak = 1760.754 ; gain = 340.688 ; free physical = 452 ; free virtual = 31281
---------------------------------------------------------------------------------

Report RTL Partitions: 
+-+--------------+------------+----------+
| |RTL Partition |Replication |Instances |
+-+--------------+------------+----------+
+-+--------------+------------+----------+
No constraint files found.
---------------------------------------------------------------------------------
Start Timing Optimization
---------------------------------------------------------------------------------
---------------------------------------------------------------------------------
Finished Timing Optimization : Time (s): cpu = 00:00:03 ; elapsed = 00:00:04 . Memory (MB): peak = 1760.754 ; gain = 340.688 ; free physical = 452 ; free virtual = 31281
---------------------------------------------------------------------------------

Report RTL Partitions: 
+-+--------------+------------+----------+
| |RTL Partition |Replication |Instances |
+-+--------------+------------+----------+
+-+--------------+------------+----------+
---------------------------------------------------------------------------------
Start Technology Mapping
---------------------------------------------------------------------------------
---------------------------------------------------------------------------------
Finished Technology Mapping : Time (s): cpu = 00:00:03 ; elapsed = 00:00:04 . Memory (MB): peak = 1760.754 ; gain = 340.688 ; free physical = 450 ; free virtual = 31279
---------------------------------------------------------------------------------

Report RTL Partitions: 
+-+--------------+------------+----------+
| |RTL Partition |Replication |Instances |
+-+--------------+------------+----------+
+-+--------------+------------+----------+
---------------------------------------------------------------------------------
Start IO Insertion
---------------------------------------------------------------------------------
---------------------------------------------------------------------------------
Start Flattening Before IO Insertion
---------------------------------------------------------------------------------
---------------------------------------------------------------------------------
Finished Flattening Before IO Insertion
---------------------------------------------------------------------------------
---------------------------------------------------------------------------------
Start Final Netlist Cleanup
---------------------------------------------------------------------------------
---------------------------------------------------------------------------------
Finished Final Netlist Cleanup
---------------------------------------------------------------------------------
---------------------------------------------------------------------------------
Finished IO Insertion : Time (s): cpu = 00:00:04 ; elapsed = 00:00:04 . Memory (MB): peak = 1760.754 ; gain = 340.688 ; free physical = 450 ; free virtual = 31279
---------------------------------------------------------------------------------

Report Check Netlist: 
+------+------------------+-------+---------+-------+------------------+
|      |Item              |Errors |Warnings |Status |Description       |
+------+------------------+-------+---------+-------+------------------+
|1     |multi_driven_nets |      0|        0|Passed |Multi driven nets |
+------+------------------+-------+---------+-------+------------------+
---------------------------------------------------------------------------------
Start Renaming Generated Instances
---------------------------------------------------------------------------------
---------------------------------------------------------------------------------
Finished Renaming Generated Instances : Time (s): cpu = 00:00:04 ; elapsed = 00:00:04 . Memory (MB): peak = 1760.754 ; gain = 340.688 ; free physical = 450 ; free virtual = 31279
---------------------------------------------------------------------------------

Report RTL Partitions: 
+-+--------------+------------+----------+
| |RTL Partition |Replication |Instances |
+-+--------------+------------+----------+
+-+--------------+------------+----------+
---------------------------------------------------------------------------------
Start Rebuilding User Hierarchy
---------------------------------------------------------------------------------
---------------------------------------------------------------------------------
Finished Rebuilding User Hierarchy : Time (s): cpu = 00:00:04 ; elapsed = 00:00:04 . Memory (MB): peak = 1760.754 ; gain = 340.688 ; free physical = 450 ; free virtual = 31279
---------------------------------------------------------------------------------
---------------------------------------------------------------------------------
Start Renaming Generated Ports
---------------------------------------------------------------------------------
---------------------------------------------------------------------------------
Finished Renaming Generated Ports : Time (s): cpu = 00:00:04 ; elapsed = 00:00:04 . Memory (MB): peak = 1760.754 ; gain = 340.688 ; free physical = 450 ; free virtual = 31279
---------------------------------------------------------------------------------
---------------------------------------------------------------------------------
Start Handling Custom Attributes
---------------------------------------------------------------------------------
---------------------------------------------------------------------------------
Finished Handling Custom Attributes : Time (s): cpu = 00:00:04 ; elapsed = 00:00:04 . Memory (MB): peak = 1760.754 ; gain = 340.688 ; free physical = 450 ; free virtual = 31279
---------------------------------------------------------------------------------
---------------------------------------------------------------------------------
Start Renaming Generated Nets
---------------------------------------------------------------------------------
---------------------------------------------------------------------------------
Finished Renaming Generated Nets : Time (s): cpu = 00:00:04 ; elapsed = 00:00:04 . Memory (MB): peak = 1760.754 ; gain = 340.688 ; free physical = 450 ; free virtual = 31279
---------------------------------------------------------------------------------
---------------------------------------------------------------------------------
Start Writing Synthesis Report
---------------------------------------------------------------------------------

Report BlackBoxes: 
+-+--------------+----------+
| |BlackBox name |Instances |
+-+--------------+----------+
+-+--------------+----------+

Report Cell Usage: 
+------+-----+------+
|      |Cell |Count |
+------+-----+------+
|1     |LUT2 |     2|
|2     |IBUF |     2|
|3     |OBUF |     2|
+------+-----+------+

Report Instance Areas: 
+------+---------+-------+------+
|      |Instance |Module |Cells |
+------+---------+-------+------+
|1     |top      |       |     6|
+------+---------+-------+------+
---------------------------------------------------------------------------------
Finished Writing Synthesis Report : Time (s): cpu = 00:00:04 ; elapsed = 00:00:04 . Memory (MB): peak = 1760.754 ; gain = 340.688 ; free physical = 450 ; free virtual = 31279
---------------------------------------------------------------------------------
Synthesis finished with 0 errors, 0 critical warnings and 0 warnings.
Synthesis Optimization Runtime : Time (s): cpu = 00:00:04 ; elapsed = 00:00:04 . Memory (MB): peak = 1760.754 ; gain = 340.688 ; free physical = 454 ; free virtual = 31283
Synthesis Optimization Complete : Time (s): cpu = 00:00:04 ; elapsed = 00:00:04 . Memory (MB): peak = 1760.762 ; gain = 340.688 ; free physical = 454 ; free virtual = 31283
INFO: [Project 1-571] Translating synthesized netlist
INFO: [Project 1-570] Preparing netlist for logic optimization
INFO: [Opt 31-138] Pushed 0 inverter(s) to 0 load pin(s).
Netlist sorting complete. Time (s): cpu = 00:00:00 ; elapsed = 00:00:00 . Memory (MB): peak = 1908.312 ; gain = 0.000 ; free physical = 473 ; free virtual = 31163
INFO: [Project 1-111] Unisim Transformation Summary:
No Unisim elements were transformed.

INFO: [Common 17-83] Releasing license: Synthesis
9 Infos, 0 Warnings, 0 Critical Warnings and 0 Errors encountered.
synth_design completed successfully
synth_design: Time (s): cpu = 00:00:05 ; elapsed = 00:00:05 . Memory (MB): peak = 1908.312 ; gain = 488.246 ; free physical = 518 ; free virtual = 31207
Netlist sorting complete. Time (s): cpu = 00:00:00 ; elapsed = 00:00:00 . Memory (MB): peak = 1908.312 ; gain = 0.000 ; free physical = 518 ; free virtual = 31207
WARNING: [Constraints 18-5210] No constraints selected for write.
Resolution: This message can indicate that there are no constraints for the design, or it can indicate that the used_in flags are set such that the constraints are ignored. This later case is used when running synth_design to not write synthesis constraints to the resulting checkpoint. Instead, project constraints are read when the synthesized design is opened.
INFO: [Common 17-1381] The checkpoint '/home/it/Chip_Design/CommonCore/DigitalDesign/Labs/Lab2/cx-203-lab2-t2/cx-203-lab2-t2.runs/synth_1/half_adder_t2.dcp' has been generated.
INFO: [runtcl-4] Executing : report_utilization -file half_adder_t2_utilization_synth.rpt -pb half_adder_t2_utilization_synth.pb
INFO: [Common 17-206] Exiting Vivado at Tue Nov 12 14:04:50 2024...
